2023-02-12 09:25:23,237:WARNING:
'cuml' is a soft dependency and not included in the pycaret installation. Please run: `pip install cuml` to install.
2023-02-12 09:25:23,237:WARNING:
'cuml' is a soft dependency and not included in the pycaret installation. Please run: `pip install cuml` to install.
2023-02-12 09:25:23,238:WARNING:
'cuml' is a soft dependency and not included in the pycaret installation. Please run: `pip install cuml` to install.
2023-02-12 09:25:23,238:WARNING:
'cuml' is a soft dependency and not included in the pycaret installation. Please run: `pip install cuml` to install.
2023-02-12 09:25:30,632:WARNING:
'prophet' is a soft dependency and not included in the pycaret installation. Please run: `pip install prophet` to install.
2023-02-12 09:25:31,165:INFO:Initializing load_model()
2023-02-12 09:25:31,165:INFO:load_model(model_name=deployment_28042020, platform=None, authentication=None, verbose=True)
2023-02-12 09:30:39,092:WARNING:
'cuml' is a soft dependency and not included in the pycaret installation. Please run: `pip install cuml` to install.
2023-02-12 09:30:39,092:WARNING:
'cuml' is a soft dependency and not included in the pycaret installation. Please run: `pip install cuml` to install.
2023-02-12 09:30:39,092:WARNING:
'cuml' is a soft dependency and not included in the pycaret installation. Please run: `pip install cuml` to install.
2023-02-12 09:30:39,092:WARNING:
'cuml' is a soft dependency and not included in the pycaret installation. Please run: `pip install cuml` to install.
2023-02-12 09:30:39,475:WARNING:
'prophet' is a soft dependency and not included in the pycaret installation. Please run: `pip install prophet` to install.
2023-02-12 09:30:39,741:INFO:Initializing load_model()
2023-02-12 09:30:39,741:INFO:load_model(model_name=deployment_28042020, platform=None, authentication=None, verbose=True)
2023-02-12 09:53:18,942:WARNING:
'cuml' is a soft dependency and not included in the pycaret installation. Please run: `pip install cuml` to install.
2023-02-12 09:53:18,943:WARNING:
'cuml' is a soft dependency and not included in the pycaret installation. Please run: `pip install cuml` to install.
2023-02-12 09:53:18,943:WARNING:
'cuml' is a soft dependency and not included in the pycaret installation. Please run: `pip install cuml` to install.
2023-02-12 09:53:18,943:WARNING:
'cuml' is a soft dependency and not included in the pycaret installation. Please run: `pip install cuml` to install.
2023-02-12 09:53:19,571:WARNING:
'prophet' is a soft dependency and not included in the pycaret installation. Please run: `pip install prophet` to install.
2023-02-12 09:53:19,914:WARNING:/Users/suleimanadebowaleojo/opt/anaconda3/lib/python3.9/site-packages/sklearn/base.py:329: UserWarning: Trying to unpickle estimator DummyRegressor from version 1.1.2 when using version 1.0.2. This might lead to breaking code or invalid results. Use at your own risk. For more info please refer to:
https://scikit-learn.org/stable/modules/model_persistence.html#security-maintainability-limitations
  warnings.warn(

2023-02-12 09:53:19,917:WARNING:/Users/suleimanadebowaleojo/opt/anaconda3/lib/python3.9/site-packages/sklearn/base.py:329: UserWarning: Trying to unpickle estimator DecisionTreeRegressor from version 1.1.2 when using version 1.0.2. This might lead to breaking code or invalid results. Use at your own risk. For more info please refer to:
https://scikit-learn.org/stable/modules/model_persistence.html#security-maintainability-limitations
  warnings.warn(

2023-02-12 09:53:19,934:WARNING:/Users/suleimanadebowaleojo/opt/anaconda3/lib/python3.9/site-packages/sklearn/base.py:329: UserWarning: Trying to unpickle estimator GradientBoostingRegressor from version 1.1.2 when using version 1.0.2. This might lead to breaking code or invalid results. Use at your own risk. For more info please refer to:
https://scikit-learn.org/stable/modules/model_persistence.html#security-maintainability-limitations
  warnings.warn(

2023-02-12 09:56:18,604:WARNING:
'cuml' is a soft dependency and not included in the pycaret installation. Please run: `pip install cuml` to install.
2023-02-12 09:56:18,604:WARNING:
'cuml' is a soft dependency and not included in the pycaret installation. Please run: `pip install cuml` to install.
2023-02-12 09:56:18,604:WARNING:
'cuml' is a soft dependency and not included in the pycaret installation. Please run: `pip install cuml` to install.
2023-02-12 09:56:18,605:WARNING:
'cuml' is a soft dependency and not included in the pycaret installation. Please run: `pip install cuml` to install.
2023-02-12 09:56:19,000:WARNING:
'prophet' is a soft dependency and not included in the pycaret installation. Please run: `pip install prophet` to install.
2023-02-12 09:56:19,202:WARNING:/Users/suleimanadebowaleojo/opt/anaconda3/lib/python3.9/site-packages/sklearn/base.py:329: UserWarning: Trying to unpickle estimator DummyRegressor from version 1.1.2 when using version 1.0.2. This might lead to breaking code or invalid results. Use at your own risk. For more info please refer to:
https://scikit-learn.org/stable/modules/model_persistence.html#security-maintainability-limitations
  warnings.warn(

2023-02-12 09:56:19,202:WARNING:/Users/suleimanadebowaleojo/opt/anaconda3/lib/python3.9/site-packages/sklearn/base.py:329: UserWarning: Trying to unpickle estimator DecisionTreeRegressor from version 1.1.2 when using version 1.0.2. This might lead to breaking code or invalid results. Use at your own risk. For more info please refer to:
https://scikit-learn.org/stable/modules/model_persistence.html#security-maintainability-limitations
  warnings.warn(

2023-02-12 09:56:19,218:WARNING:/Users/suleimanadebowaleojo/opt/anaconda3/lib/python3.9/site-packages/sklearn/base.py:329: UserWarning: Trying to unpickle estimator GradientBoostingRegressor from version 1.1.2 when using version 1.0.2. This might lead to breaking code or invalid results. Use at your own risk. For more info please refer to:
https://scikit-learn.org/stable/modules/model_persistence.html#security-maintainability-limitations
  warnings.warn(

